Arguments: 
  /usr/local/bin/node /usr/local/bin/yarn add @docusaurus/alert

PATH: 
  /Users/edaakturk/.fuelup/bin:/Users/edaakturk/.fuelup/bin:/opt/homebrew/bin:/opt/homebrew/sbin:/usr/local/bin:/usr/bin:/bin:/usr/sbin:/sbin:/Users/edaakturk/.cargo/bin:/Users/edaakturk/.protostar/dist/protostar:/Users/edaakturk/.foundry/bin

Yarn version: 
  1.22.18

Node version: 
  18.16.0

Platform: 
  darwin arm64

Trace: 
  Error: https://registry.yarnpkg.com/@docusaurus%2falert: Not found
      at params.callback [as _callback] (/usr/local/lib/node_modules/yarn/lib/cli.js:66138:18)
      at self.callback (/usr/local/lib/node_modules/yarn/lib/cli.js:140883:22)
      at Request.emit (node:events:513:28)
      at Request.<anonymous> (/usr/local/lib/node_modules/yarn/lib/cli.js:141855:10)
      at Request.emit (node:events:513:28)
      at IncomingMessage.<anonymous> (/usr/local/lib/node_modules/yarn/lib/cli.js:141777:12)
      at Object.onceWrapper (node:events:627:28)
      at IncomingMessage.emit (node:events:525:35)
      at endReadableNT (node:internal/streams/readable:1359:12)
      at process.processTicksAndRejections (node:internal/process/task_queues:82:21)

npm manifest: 
  {
    "name": "website",
    "version": "0.0.0",
    "private": true,
    "scripts": {
      "docusaurus": "docusaurus",
      "start": "docusaurus start",
      "build": "docusaurus build",
      "swizzle": "docusaurus swizzle",
      "deploy": "docusaurus deploy",
      "clear": "docusaurus clear",
      "serve": "docusaurus serve",
      "write-translations": "docusaurus write-translations",
      "write-heading-ids": "docusaurus write-heading-ids"
    },
    "dependencies": {
      "@docusaurus/core": "2.4.0",
      "@docusaurus/preset-classic": "2.4.0",
      "@mdx-js/react": "^1.6.22",
      "clsx": "^1.2.1",
      "prism-react-renderer": "^1.3.5",
      "react": "^17.0.2",
      "react-dom": "^17.0.2"
    },
    "devDependencies": {
      "@docusaurus/module-type-aliases": "2.4.0"
    },
    "browserslist": {
      "production": [
        ">0.5%",
        "not dead",
        "not op_mini all"
      ],
      "development": [
        "last 1 chrome version",
        "last 1 firefox version",
        "last 1 safari version"
      ]
    },
    "engines": {
      "node": ">=16.14"
    }
  }

yarn manifest: 
  No manifest

Lockfile: 
  No lockfile
